Refer website
=============
https://www.oschina.net/translate/valgrind-memcheck

run command:valgrind --tool=memcheck --leak-check=full ./test
output will be:
==============
==2972== Memcheck, a memory error detector
==2972== Copyright (C) 2002-2009, and GNU GPL'd, by Julian Seward et al.
==2972== Using Valgrind-3.6.0.SVN-Debian and LibVEX; rerun with -h for copyright info
==2972== Command: ./val
==2972== 

 [a]
==2972== Mismatched free() / delete / delete []
==2972==    at 0x4C26DCF: operator delete(void*) (vg_replace_malloc.c:387)
==2972==    by 0x40080B: main (valgrind.c:13)
==2972==  Address 0x595e040 is 0 bytes inside a block of size 1 alloc'd
==2972==    at 0x4C274A8: malloc (vg_replace_malloc.c:236)
==2972==    by 0x4007D5: main (valgrind.c:7)
==2972==
==2972==
==2972== HEAP SUMMARY:
==2972==     in use at exit: 0 bytes in 0 blocks
==2972==   total heap usage: 1 allocs, 1 frees, 1 bytes allocated
==2972==
==2972== All heap blocks were freed -- no leaks are possible
==2972==
==2972== For counts of detected and suppressed errors, rerun with: -v
==2972== ERROR SUMMARY: 1 errors from 1 contexts (suppressed: 4 from 4)

