"-------------------
"       Ctrlp
"-------------------

,,启动ctrlp
C-f C-b 切换buf和目录
C-d search file ignore dir  
C-j C-k  C-z打开多个文件
:30 goto 30 line 


"--------------------
"按键设置
"--------------------


VIM (0) - 返回到最初打开文档的状态

Tue 15 April 2014

在VIM中编辑文档，有时候需要撤销所有修改，恢复文档到最初的状态。这时候，我们可以一般是连续按u恢复到最初的状态。但如果已经修改了很多次的话，那就太麻烦了，下面是一些更简捷的方法。

用:u1|u返回最初状态，再按u的话状态栏会显示“Already at oldest change”，表示文档已经在最初状态。u1的意思是返回到修改号1(change number 1)之后，|不是shell中的管道，而是多个命令的分割符，所以|u的意思是再做一次undo。

用:earlier 10000000，10000000是一个尽量大的数，这个命令的意思是返回10000000次修改以前的状态。

用10000000g-，这个命令跟上面的:earlier 10000000是一样的意思，但是是在普通模式下输入。

如果文档还没有保存的话，我们可以用:q!退出编辑，然后重新打开文档，但更简单的应该是用:e!命令，重新加载文件。

You can change the case of text:

Toggle case "HellO" to "hELLo" with g~ then a movement.
Uppercase "HellO" to "HELLO" with gU then a movement.
Lowercase "HellO" to "hello" with gu then a movement.
Alternatively, you can visually select text then press ~ to toggle case, or U to convert to uppercase, or u to convert to lowercase.

Contents[show]
ExamplesEdit
~
Toggle case of the character under the cursor, or all visually-selected characters.
3~
Toggle case of the next three characters.
g~3w
Toggle case of the next three words.
g~iw
Toggle case of the current word (inner word – cursor anywhere in word).
g~$
Toggle case of all characters to end of line.
g~~
Toggle case of the current line (same as V~).
The above uses ~ to toggle case. In each example, you can replace ~ with u to convert to lowercase, or with U to convert to uppercase. For example:

U
Uppercase the visually-selected text.
First press v or V then move to select text.
If you don't select text, pressing U will undo all changes to the current line.
gUU
Change the current line to uppercase (same as VU).
gUiw
Change current word to uppercase.
u
Lowercase the visually-selected text.
If you don't select text, pressing u will undo the last change.
guu
Change the current line to lowercase (same as Vu).


